c:\prog\physics_blit3dv3\simpleexample\blit3dv3\debug\vc140.pdb
c:\prog\physics_blit3dv3\simpleexample\blit3dv3\debug\vc140.idb
c:\prog\physics_blit3dv3\simpleexample\blit3dv3\debug\angelcodefont.obj
c:\prog\physics_blit3dv3\simpleexample\blit3dv3\debug\bfont.obj
c:\prog\physics_blit3dv3\simpleexample\blit3dv3\debug\blit3d.obj
c:\prog\physics_blit3dv3\simpleexample\blit3dv3\debug\byteswap.obj
c:\prog\physics_blit3dv3\simpleexample\blit3dv3\debug\glslprogram.obj
c:\prog\physics_blit3dv3\simpleexample\blit3dv3\debug\glutils.obj
c:\prog\physics_blit3dv3\simpleexample\blit3dv3\debug\logger.obj
c:\prog\physics_blit3dv3\simpleexample\blit3dv3\debug\renderbuffer.obj
c:\prog\physics_blit3dv3\simpleexample\blit3dv3\debug\shadermanager.obj
c:\prog\physics_blit3dv3\simpleexample\blit3dv3\debug\sprite.obj
c:\prog\physics_blit3dv3\simpleexample\blit3dv3\debug\texturemanager.obj
c:\prog\physics_blit3dv3\simpleexample\blit3dv3\debug\main.obj
c:\prog\physics_blit3dv3\simpleexample\blit3dv3\debug\glew.obj
c:\prog\physics_blit3dv3\simpleexample\blit3dv3\debug\context.obj
c:\prog\physics_blit3dv3\simpleexample\blit3dv3\debug\egl_context.obj
c:\prog\physics_blit3dv3\simpleexample\blit3dv3\debug\init.obj
c:\prog\physics_blit3dv3\simpleexample\blit3dv3\debug\input.obj
c:\prog\physics_blit3dv3\simpleexample\blit3dv3\debug\monitor.obj
c:\prog\physics_blit3dv3\simpleexample\blit3dv3\debug\vulkan.obj
c:\prog\physics_blit3dv3\simpleexample\blit3dv3\debug\wgl_context.obj
c:\prog\physics_blit3dv3\simpleexample\blit3dv3\debug\win32_init.obj
c:\prog\physics_blit3dv3\simpleexample\blit3dv3\debug\win32_joystick.obj
c:\prog\physics_blit3dv3\simpleexample\blit3dv3\debug\win32_monitor.obj
c:\prog\physics_blit3dv3\simpleexample\blit3dv3\debug\win32_time.obj
c:\prog\physics_blit3dv3\simpleexample\blit3dv3\debug\win32_tls.obj
c:\prog\physics_blit3dv3\simpleexample\blit3dv3\debug\win32_window.obj
c:\prog\physics_blit3dv3\simpleexample\blit3dv3\debug\window.obj
c:\prog\physics_blit3dv3\simpleexample\blit3dv3\debug\physics.obj
c:\prog\physics_blit3dv3\simpleexample\debug\blit3dv3.ilk
c:\prog\physics_blit3dv3\simpleexample\debug\blit3dv3.exe
c:\prog\physics_blit3dv3\simpleexample\debug\blit3dv3.pdb
c:\prog\physics_blit3dv3\simpleexample\blit3dv3\debug\blit3dv3.tlog\cl.command.1.tlog
c:\prog\physics_blit3dv3\simpleexample\blit3dv3\debug\blit3dv3.tlog\cl.read.1.tlog
c:\prog\physics_blit3dv3\simpleexample\blit3dv3\debug\blit3dv3.tlog\cl.write.1.tlog
c:\prog\physics_blit3dv3\simpleexample\blit3dv3\debug\blit3dv3.tlog\link.command.1.tlog
c:\prog\physics_blit3dv3\simpleexample\blit3dv3\debug\blit3dv3.tlog\link.read.1.tlog
c:\prog\physics_blit3dv3\simpleexample\blit3dv3\debug\blit3dv3.tlog\link.write.1.tlog
