d:\programing\arkanoid\blit3dv3\debug\vc140.pdb
d:\programing\arkanoid\blit3dv3\debug\vc140.idb
d:\programing\arkanoid\blit3dv3\debug\ballentity.obj
d:\programing\arkanoid\blit3dv3\debug\angelcodefont.obj
d:\programing\arkanoid\blit3dv3\debug\bfont.obj
d:\programing\arkanoid\blit3dv3\debug\blit3d.obj
d:\programing\arkanoid\blit3dv3\debug\byteswap.obj
d:\programing\arkanoid\blit3dv3\debug\glslprogram.obj
d:\programing\arkanoid\blit3dv3\debug\glutils.obj
d:\programing\arkanoid\blit3dv3\debug\logger.obj
d:\programing\arkanoid\blit3dv3\debug\renderbuffer.obj
d:\programing\arkanoid\blit3dv3\debug\shadermanager.obj
d:\programing\arkanoid\blit3dv3\debug\sprite.obj
d:\programing\arkanoid\blit3dv3\debug\texturemanager.obj
d:\programing\arkanoid\blit3dv3\debug\brickentity.obj
d:\programing\arkanoid\blit3dv3\debug\entity.obj
d:\programing\arkanoid\blit3dv3\debug\main.obj
d:\programing\arkanoid\blit3dv3\debug\mycontactlistener.obj
d:\programing\arkanoid\blit3dv3\debug\paddleentity.obj
d:\programing\arkanoid\blit3dv3\debug\particle.obj
d:\programing\arkanoid\blit3dv3\debug\physics.obj
d:\programing\arkanoid\blit3dv3\debug\powerupentity.obj
d:\programing\arkanoid\blit3dv3\debug\glew.obj
d:\programing\arkanoid\blit3dv3\debug\context.obj
d:\programing\arkanoid\blit3dv3\debug\egl_context.obj
d:\programing\arkanoid\blit3dv3\debug\init.obj
d:\programing\arkanoid\blit3dv3\debug\input.obj
d:\programing\arkanoid\blit3dv3\debug\monitor.obj
d:\programing\arkanoid\blit3dv3\debug\vulkan.obj
d:\programing\arkanoid\blit3dv3\debug\wgl_context.obj
d:\programing\arkanoid\blit3dv3\debug\win32_init.obj
d:\programing\arkanoid\blit3dv3\debug\win32_joystick.obj
d:\programing\arkanoid\blit3dv3\debug\win32_monitor.obj
d:\programing\arkanoid\blit3dv3\debug\win32_time.obj
d:\programing\arkanoid\blit3dv3\debug\win32_tls.obj
d:\programing\arkanoid\blit3dv3\debug\win32_window.obj
d:\programing\arkanoid\blit3dv3\debug\window.obj
d:\programing\arkanoid\debug\drokanoid.ilk
d:\programing\arkanoid\debug\drokanoid.exe
d:\programing\arkanoid\debug\drokanoid.pdb
d:\programing\arkanoid\blit3dv3\debug\main.obj.enc
d:\programing\arkanoid\blit3dv3\debug\drokanoid.tlog\cl.command.1.tlog
d:\programing\arkanoid\blit3dv3\debug\drokanoid.tlog\cl.read.1.tlog
d:\programing\arkanoid\blit3dv3\debug\drokanoid.tlog\cl.write.1.tlog
d:\programing\arkanoid\blit3dv3\debug\drokanoid.tlog\link.command.1.tlog
d:\programing\arkanoid\blit3dv3\debug\drokanoid.tlog\link.read.1.tlog
d:\programing\arkanoid\blit3dv3\debug\drokanoid.tlog\link.write.1.tlog
