d:\programing\arkanoid\blit3dv3\release\vc140.pdb
d:\programing\arkanoid\blit3dv3\release\powerupentity.obj
d:\programing\arkanoid\blit3dv3\release\physics.obj
d:\programing\arkanoid\blit3dv3\release\particle.obj
d:\programing\arkanoid\blit3dv3\release\paddleentity.obj
d:\programing\arkanoid\blit3dv3\release\mycontactlistener.obj
d:\programing\arkanoid\blit3dv3\release\main.obj
d:\programing\arkanoid\blit3dv3\release\entity.obj
d:\programing\arkanoid\blit3dv3\release\brickentity.obj
d:\programing\arkanoid\blit3dv3\release\texturemanager.obj
d:\programing\arkanoid\blit3dv3\release\sprite.obj
d:\programing\arkanoid\blit3dv3\release\shadermanager.obj
d:\programing\arkanoid\blit3dv3\release\renderbuffer.obj
d:\programing\arkanoid\blit3dv3\release\logger.obj
d:\programing\arkanoid\blit3dv3\release\glutils.obj
d:\programing\arkanoid\blit3dv3\release\glslprogram.obj
d:\programing\arkanoid\blit3dv3\release\byteswap.obj
d:\programing\arkanoid\blit3dv3\release\blit3d.obj
d:\programing\arkanoid\blit3dv3\release\bfont.obj
d:\programing\arkanoid\blit3dv3\release\angelcodefont.obj
d:\programing\arkanoid\blit3dv3\release\ballentity.obj
d:\programing\arkanoid\blit3dv3\release\window.obj
d:\programing\arkanoid\blit3dv3\release\win32_window.obj
d:\programing\arkanoid\blit3dv3\release\win32_tls.obj
d:\programing\arkanoid\blit3dv3\release\win32_time.obj
d:\programing\arkanoid\blit3dv3\release\win32_monitor.obj
d:\programing\arkanoid\blit3dv3\release\win32_joystick.obj
d:\programing\arkanoid\blit3dv3\release\win32_init.obj
d:\programing\arkanoid\blit3dv3\release\wgl_context.obj
d:\programing\arkanoid\blit3dv3\release\vulkan.obj
d:\programing\arkanoid\blit3dv3\release\monitor.obj
d:\programing\arkanoid\blit3dv3\release\input.obj
d:\programing\arkanoid\blit3dv3\release\init.obj
d:\programing\arkanoid\blit3dv3\release\egl_context.obj
d:\programing\arkanoid\blit3dv3\release\context.obj
d:\programing\arkanoid\blit3dv3\release\glew.obj
d:\programing\arkanoid\release\drokanoid.exe
d:\programing\arkanoid\release\drokanoid.ipdb
d:\programing\arkanoid\release\drokanoid.iobj
d:\programing\arkanoid\release\drokanoid.pdb
d:\programing\arkanoid\blit3dv3\release\drokanoid.tlog\cl.command.1.tlog
d:\programing\arkanoid\blit3dv3\release\drokanoid.tlog\cl.read.1.tlog
d:\programing\arkanoid\blit3dv3\release\drokanoid.tlog\cl.write.1.tlog
d:\programing\arkanoid\blit3dv3\release\drokanoid.tlog\link.command.1.tlog
d:\programing\arkanoid\blit3dv3\release\drokanoid.tlog\link.read.1.tlog
d:\programing\arkanoid\blit3dv3\release\drokanoid.tlog\link.write.1.tlog
